生成启动时间为 2014/7/16 0:48:49。
     1>项目“C:\Users\Francis\documents\visual studio 2010\Projects\MFC_Client\MFC_Client\MFC_Client.vcxproj”在节点 2 上(build 个目标)。
     1>PrepareForBuild:
         正在创建目录“C:\Users\Francis\documents\visual studio 2010\Projects\MFC_Client\Release\”。
       InitializeBuildStatus:
         正在创建“Release\MFC_Client.unsuccessfulbuild”，因为已指定“AlwaysCreate”。
       ClCompile:
         E:\Working Softwares\vs2010\VC\bin\CL.exe /c /Zi /nologo /W3 /WX- /O2 /Oi /Oy- /GL /D WIN32 /D _WINDOWS /D NDEBUG /D _UNICODE /D UNICODE /D _AFXDLL /Gm- /EHsc /MD /GS /Gy /fp:precise /Zc:wchar_t /Zc:forScope /Yc"StdAfx.h" /Fp"Release\MFC_Client.pch" /Fo"Release\\" /Fd"Release\vc100.pdb" /Gd /TP /analyze- /errorReport:prompt stdafx.cpp
         stdafx.cpp
         E:\Working Softwares\vs2010\VC\bin\CL.exe /c /Zi /nologo /W3 /WX- /O2 /Oi /Oy- /GL /D WIN32 /D _WINDOWS /D NDEBUG /D _UNICODE /D UNICODE /D _AFXDLL /Gm- /EHsc /MD /GS /Gy /fp:precise /Zc:wchar_t /Zc:forScope /Yu"StdAfx.h" /Fp"Release\MFC_Client.pch" /Fo"Release\\" /Fd"Release\vc100.pdb" /Gd /TP /analyze- /errorReport:prompt CanvasFrame.cpp Client.cpp MFC_Client.cpp MFC_ClientDlg.cpp RecvTask.cpp
         CanvasFrame.cpp
     1>c:\users\francis\documents\visual studio 2010\projects\mfc_client\mfc_client\Client.h(4): fatal error C1083: 无法打开包括文件:“ace/ACE.h”: No such file or directory
         Client.cpp
     1>c:\users\francis\documents\visual studio 2010\projects\mfc_client\mfc_client\RecvTask.h(6): fatal error C1083: 无法打开包括文件:“ace/Task.h”: No such file or directory
         MFC_Client.cpp
         MFC_ClientDlg.cpp
     1>MFC_ClientDlg.cpp(8): fatal error C1083: 无法打开包括文件:“ace/Addr.cpp”: No such file or directory
         RecvTask.cpp
     1>c:\users\francis\documents\visual studio 2010\projects\mfc_client\mfc_client\RecvTask.h(6): fatal error C1083: 无法打开包括文件:“ace/Task.h”: No such file or directory
     1>已完成生成项目“C:\Users\Francis\documents\visual studio 2010\Projects\MFC_Client\MFC_Client\MFC_Client.vcxproj”(build 个目标)的操作 - 失败。

生成失败。

已用时间 00:00:03.07
