生成启动时间为 2014/8/12 17:16:08。
     1>项目“C:\Users\Francis\documents\visual studio 2010\Projects\MFC_Client\MFC_Client\MFC_Client.vcxproj”在节点 2 上(build 个目标)。
     1>InitializeBuildStatus:
         正在创建“Debug\MFC_Client.unsuccessfulbuild”，因为已指定“AlwaysCreate”。
       ClCompile:
         所有输出均为最新。
         E:\Working Softwares\vs2010\VC\bin\CL.exe /c /ZI /nologo /W0 /WX- /Od /Oy- /D WIN32 /D _WINDOWS /D _DEBUG /D _AFXEXT /D _MBCS /D _AFXDLL /Gm /EHsc /RTC1 /MDd /GS /fp:precise /Zc:wchar_t /Zc:forScope /Yu"StdAfx.h" /Fp"Debug\MFC_Client.pch" /Fo"Debug\\" /Fd"Debug\vc100.pdb" /Gd /TP /analyze- /errorReport:prompt MFC_ClientDlg.cpp
         MFC_ClientDlg.cpp
       ResourceCompile:
         所有输出均为最新。
       ManifestResourceCompile:
         所有输出均为最新。
       Link:
         E:\Working Softwares\vs2010\VC\bin\link.exe /ERRORREPORT:PROMPT /OUT:"C:\Users\Francis\documents\visual studio 2010\Projects\MFC_Client\Debug\MFC_Client.exe" /INCREMENTAL /NOLOGO /MANIFEST /ManifestFile:"Debug\MFC_Client.exe.intermediate.manifest" /MANIFESTUAC:"level='asInvoker' uiAccess='false'" /DEBUG /PDB:"C:\Users\Francis\documents\visual studio 2010\Projects\MFC_Client\Debug\MFC_Client.pdb" /SUBSYSTEM:WINDOWS /TLBID:1 /DYNAMICBASE /NXCOMPAT /IMPLIB:"C:\Users\Francis\documents\visual studio 2010\Projects\MFC_Client\Debug\MFC_Client.lib" /MACHINE:X86 Debug\MFC_Client.res
         Debug\MFC_Client.exe.embed.manifest.res
         Debug\ACE_Connector.obj
         Debug\CanvasFrame.obj
         Debug\COM.obj
         Debug\DVE_Client.obj
         Debug\Map.obj
         Debug\MessageDispatcher.obj
         Debug\MessageHandler.obj
         Debug\Reciever.obj
         Debug\SceneManager.obj
         Debug\Sender.obj
         Debug\ServerConnector.obj
         Debug\LocalFile.obj
         Debug\MessageConstructor.obj
         Debug\MFC_Client.obj
         Debug\MFC_ClientDlg.obj
         Debug\RecvTask.obj
         Debug\stdafx.obj
       Manifest:
         C:\Program Files (x86)\Microsoft SDKs\Windows\v7.0A\bin\mt.exe /nologo /verbose /out:"Debug\MFC_Client.exe.embed.manifest" /manifest Debug\MFC_Client.exe.intermediate.manifest "E:\Working Softwares\vs2010\VC\Include\Manifest\dpiaware.manifest"
         所有输出均为最新。
       LinkEmbedManifest:
         所有输出均为最新。
         MFC_Client.vcxproj -> C:\Users\Francis\documents\visual studio 2010\Projects\MFC_Client\Debug\MFC_Client.exe
       FinalizeBuildStatus:
         正在删除文件“Debug\MFC_Client.unsuccessfulbuild”。
         正在对“Debug\MFC_Client.lastbuildstate”执行 Touch 任务。
     1>已完成生成项目“C:\Users\Francis\documents\visual studio 2010\Projects\MFC_Client\MFC_Client\MFC_Client.vcxproj”(build 个目标)的操作。

生成成功。

已用时间 00:00:02.02
